0:100  0:100  MemLog inited, TSC freq: 2194917654
0:100  0:000  
0:100  0:000  Now is 15.1.2017,  4:24:53 (GMT)
0:100  0:000  Starting Clover revision: 3761 on American Megatrends EFI
0:100  0:000  Build with: [Args: -D NO_GRUB_DRIVERS_EMBEDDED | -D NO_GRUB_DRIVERS_EMBEDDED -D USE_LOW_EBDA -a X64 -b RELEASE -t XCODE5 -n 5 | OS: 10.12 | XCODE: 8.0]
0:100  0:000  SelfDevicePath=PciRoot(0x0)\Pci(0x1F,0x2)\Sata(0x4,0xFFFF,0x0)\HD(1,GPT,42ED9F40-CA61-4B73-99FF-46A866FB9AC9,0x28,0x64000) @BCA7AA98
0:100  0:000  SelfDirPath = \EFI\BOOT
0:100  0:000  === [ Get Smbios ] ========================================
0:100  0:000  Total Memory Slots Count = 4
0:100  0:000  Type 17 Index = 0
0:100  0:000  SmbiosTable.Type17->Speed = 1600MHz
0:100  0:000  SmbiosTable.Type17->Size = 4096MB
0:100  0:000  SmbiosTable.Type17->Bank/Device = BANK 0 ChannelA-DIMM0
0:100  0:000  SmbiosTable.Type17->Vendor = 1315
0:100  0:000  SmbiosTable.Type17->SerialNumber = 19740968
0:100  0:000  SmbiosTable.Type17->PartNumber = CT51264BF160BJ.C8F
0:100  0:000  Type 17 Index = 1
0:100  0:000  Ignoring insane frequency value 0MHz
0:100  0:000  SmbiosTable.Type17->Speed = 0MHz
0:100  0:000  SmbiosTable.Type17->Size = 0MB
0:100  0:000  SmbiosTable.Type17->Bank/Device = BANK 1 ChannelA-DIMM1
0:100  0:000  SmbiosTable.Type17->Vendor = <null string>
0:100  0:000  SmbiosTable.Type17->SerialNumber = <null string>
0:100  0:000  SmbiosTable.Type17->PartNumber = <null string>
0:100  0:000  Type 17 Index = 2
0:100  0:000  Ignoring insane frequency value 0MHz
0:100  0:000  SmbiosTable.Type17->Speed = 0MHz
0:100  0:000  SmbiosTable.Type17->Size = 0MB
0:100  0:000  SmbiosTable.Type17->Bank/Device = BANK 2 ChannelB-DIMM0
0:100  0:000  SmbiosTable.Type17->Vendor = <null string>
0:100  0:000  SmbiosTable.Type17->SerialNumber = <null string>
0:100  0:000  SmbiosTable.Type17->PartNumber = <null string>
0:100  0:000  Type 17 Index = 3
0:100  0:000  Ignoring insane frequency value 0MHz
0:100  0:000  SmbiosTable.Type17->Speed = 0MHz
0:100  0:000  SmbiosTable.Type17->Size = 0MB
0:100  0:000  SmbiosTable.Type17->Bank/Device = BANK 3 ChannelB-DIMM1
0:100  0:000  SmbiosTable.Type17->Vendor = <null string>
0:100  0:000  SmbiosTable.Type17->SerialNumber = <null string>
0:100  0:000  SmbiosTable.Type17->PartNumber = <null string>
0:100  0:000  Boot status=0
0:100  0:000  Running on: 'CW65S' with board 'CW65S'
0:100  0:000  === [ GetCPUProperties ] ==================================
0:100  0:000  CPU Vendor = 756E6547 Model=306C3
0:100  0:000  got cores from CPUID_1 = 0
0:100  0:000  The CPU supported turbo
0:100  0:000  BrandString = Intel(R) Core(TM) i7-4702MQ CPU @ 2.20GHz
0:100  0:000  MSR 0xE2 before patch 1E008405
0:100  0:000  MSR 0xE2 is locked, PM patches will be turned on
0:100  0:000  MSR 0xE4              00021814
0:100  0:000  MSR 0xCE              00080838_F3011600
0:100  0:000  non-usable FLEX_RATIO = 50000
0:100  0:000  corrected FLEX_RATIO = 40000
0:100  0:000  MSR 0x1B0             00000000
0:100  0:000  FSBFrequency=100MHz DMIvalue=100000kHz
0:100  0:000  Corrected FSBFrequency=100MHz
0:100  0:000  Vendor/Model/Stepping: 0x756E6547/0x3C/0x3
0:100  0:000  Family/ExtFamily: 0x6/0x0
0:100  0:000  MaxDiv/MinDiv: 22.0/8
0:100  0:000  Turbo: 29/29/31/32
0:100  0:000  Features: 0xBFEBFBFF
0:100  0:000  Threads: 8
0:100  0:000  Cores: 4
0:100  0:000  FSB: 100 MHz
0:100  0:000  CPU: 2200 MHz
0:100  0:000  TSC: 2200 MHz
0:100  0:000  PIS: 400 MHz
0:100  0:000  === [ GetDevices ] ========================================
0:100  0:000  PCI (00|00:00.00) : 8086 0C04 class=060000
0:100  0:000  PCI (00|00:01.00) : 8086 0C01 class=060400
0:100  0:000  PCI (00|01:00.00) : 10DE 1347 class=030200
0:100  0:000  PCI (00|00:02.00) : 8086 0416 class=030000
0:100  0:000   - GFX: Model=Intel HD Graphics 4600 (Intel)
0:100  0:000  PCI (00|00:03.00) : 8086 0C0C class=040300
0:100  0:000  PCI (00|00:14.00) : 8086 8C31 class=0C0330
0:100  0:000  PCI (00|00:16.00) : 8086 8C3A class=078000
0:100  0:000  PCI (00|00:16.01) : FFFF FFFF class=FFFFFF
0:100  0:000  PCI (00|00:1A.00) : 8086 8C2D class=0C0320
0:100  0:000  PCI (00|00:1B.00) : 8086 8C20 class=040300
0:100  0:000  PCI (00|00:1C.00) : 8086 8C10 class=060400
0:100  0:000  PCI (00|00:1C.02) : 8086 8C14 class=060400
0:100  0:000  PCI (00|03:00.00) : 14E4 432B class=028000
0:100  0:000   - WIFI: Vendor=Broadcom
0:100  0:000  PCI (00|00:1C.03) : 8086 8C16 class=060400
0:100  0:000  PCI (00|04:00.00) : 10EC 5287 class=FF0000
0:100  0:000  PCI (00|04:00.01) : 10EC 8168 class=020000
0:100  0:000   - LAN: 0 Vendor=Realtek
0:100  0:000  PCI (00|00:1D.00) : 8086 8C26 class=0C0320
0:100  0:000  PCI (00|00:1F.00) : 8086 8C49 class=060100
0:100  0:000  PCI (00|00:1F.02) : 8086 8C03 class=010601
0:100  0:000  PCI (00|00:1F.03) : 8086 8C22 class=0C0500
0:100  0:000  PCI (00|00:1F.06) : FFFF FFFF class=FFFFFF
0:100  0:000  === [ GetDefaultSettings ] ================================
0:100  0:000  Clover load options size = 0 bytes
0:103  0:002  , Status=Success
0:103  0:000  EFI\CLOVER\config.plist loaded: Success
0:103  0:000  === [ GetListOfThemes ] ===================================
0:107  0:004  - [00]: black_green
0:112  0:005  - [01]: EMBEDDED
0:113  0:001  - [01]: RANDOM
0:114  0:001  - [01]: Sierrax
0:120  0:005  === [ GetEarlyUserSettings ] ==============================
0:120  0:000  timeout set to 3
0:120  0:000  Custom boot CUSTOM_BOOT_DISABLED (0x0)
0:120  0:000  KextsToPatch: 13 requested
0:120  0:000   - [00]: IOAHCIBlockStorage (TRIM) :: BinPatch :: data len: 10
0:120  0:000   - [01]: AppleIntelFramebufferAzul (Enable internal display after sleep for 0x0a2e000a, 0x0a26000a) :: patch disabled, skipped
0:120  0:000   - [02]: AppleUSBXHCIPCI (Raise USB Port Limit) :: BinPatch :: data len: 7
0:120  0:000   - [03]: com.apple.driver.AppleIntelFramebufferAzul (Enable 96MB DVMT-prealloc, 0x0a2e0008) :: patch disabled, skipped
0:120  0:000   - [04]: com.apple.driver.AppleIntelFramebufferAzul (Enable 128MB DVMT-prealloc, 48MB framebuffer, 48MB cursor bytes, 0x0a260006) :: patch disabled, skipped
0:120  0:000   - [05]: AppleAHCIPort (External icons patch) :: BinPatch :: data len: 8
0:120  0:000   - [06]: com.apple.driver.AppleIntelFramebufferAzul (Enable 128MB DVMT-prealloc, 0x0a2e0008) :: patch disabled, skipped
0:120  0:000   - [07]: com.apple.driver.AppleIntelFramebufferAzul (Enable internal display after sleep for 0x0a2e0008, credit syscl/lighting/Yating Zhou) :: patch disabled, skipped
0:120  0:000   - [08]: com.apple.driver.AppleIntelFramebufferAzul (Enable 9MB cursor bytes, 0x0a260006) :: BinPatch :: data len: 20
0:120  0:000   - [09]: AppleHDAController (HD4600_HDMI_Audio-2of2) :: BinPatch :: data len: 5
0:120  0:000   - [10]: IOGraphicsFamily (Second stage patch) :: BinPatch :: data len: 5
0:120  0:000   - [11]: IOAHCIBlockStorage (TRIM) :: PlistPatch :: data len: 10
0:120  0:000   - [12]: AppleHDAController (HD4600_HDMI_Audio-1of2) :: BinPatch :: data len: 5
0:120  0:000  Default theme: Sierrax
0:120  0:000  CustomEDID ok
0:120  0:000  === [ LoadDrivers ] =======================================
0:124  0:004  Loading CsmVideoDxe-64.efi  status=Success
0:125  0:000   - driver needs connecting
0:125  0:000  Loading DataHubDxe-64.efi  status=Success
0:138  0:013  Loading EmuVariableUefi-64.efi  status=Success
0:139  0:000  EmuVariableUefi Initialize: VariableCommonInitialize = Success, orig services stored, install gEmuVariableControlProtocolGuid = Success
0:139  0:000  Loading FSInject-64.efi  status=Success
0:140  0:000  Loading HFSPlus-64.efi  status=Success
0:141  0:000   - driver needs connecting
0:141  0:000  Loading NTFS.EFI  status=Success
0:143  0:002   - driver needs connecting
0:143  0:000  Loading OsxAptioFix2Drv-64.efi  status=Success
0:144  0:000  Loading OsxFatBinaryDrv-64.efi  status=Success
0:144  0:000  Loading PartitionDxe-64.efi  status=Success
0:145  0:000   - driver needs connecting
0:145  0:000  4 drivers needs connecting ...
0:145  0:000  PlatformDriverOverrideProtocol->GetDriver overriden
0:145  0:000  Partition driver loaded: CD disconnect Success
0:145  0:000  HFS+ driver loaded
0:145  0:000  Video driver loaded: disconnect Success
0:262  0:116  Searching for invalid DiskIo BY_DRIVER connects: not found, all ok
0:277  0:015  CsmVideoDriverBindingStart
0:277  0:000  Enable the device status=Unsupported
0:277  0:000  attributes Restored
0:277  0:000  CsmVideoDriverBindingStart end Unsupported
0:277  0:000  CsmVideoDriverBindingStart
0:277  0:000  mixed support=40010
0:277  0:000  Controller is [030000]
0:277  0:000  Check for VBE
0:278  0:000  EdidOverrideFound!
0:278  0:000   found Detail Timing 1920x1080
0:278  0:000  timing string after 0xFE:AUO
         
0:278  0:000  timing string after 0xFE:B156HTN03.6 

0:278  0:000    0 1280x1024 attr=9B - ok, edid-
0:278  0:000    1 1024x768 attr=9B - ok, edid-, 1024x768, working, highest, pref=1
0:278  0:000    2 640x480 attr=9B - ok, edid-, 640x480, working
0:278  0:000    3 800x600 attr=9B - ok, edid-, 800x600, working
0:278  0:000    4 1920x1080 attr=9B - ok, edid+, working, highest, pref=4
0:278  0:000  CsmVideo: New mode: 4 1920x1080 - set
0:544  0:266   - SetMode pref 4 (4) = Success
0:544  0:000  CsmVideoCheckForVbe - Success
0:544  0:000  CsmVideoDriverBindingStart end Success
0:545  0:000  CsmVideo: New mode: 0 1280x1024 - blocking that switch
0:655  0:109  EmuVariable InstallEmulation: orig vars copied, emu.var.services installed, CreateEvent VirtualAddressChange = Success, CreateEvent ExitBootServices = Success, set Status=Success
0:671  0:015  === [ InitScreen ] ========================================
0:671  0:000  SetScreenResolution: 1920x1080 - already set
0:671  0:000  Console modes reported: 3, available modes:
0:671  0:000   - [01]: 80x25 (current mode)
0:671  0:000   - [02]: 80x50
0:671  0:000   - [03]: 100x31
0:671  0:000  reinit: self device path=PciRoot(0x0)\Pci(0x1F,0x2)\Sata(0x4,0xFFFF,0x0)\HD(1,GPT,42ED9F40-CA61-4B73-99FF-46A866FB9AC9,0x28,0x64000)
0:673  0:002  === [ GetMacAddress ] =====================================
0:673  0:000  MAC address of LAN #0= 80:FA:5B:36:5A:37:
0:673  0:000  === [ ScanSPD ] ===========================================
0:673  0:000  SMBus device : 8086 8C22 class=0C0500 status=Success
0:673  0:000  SMBus CmdReg: 0x3
0:673  0:000  Scanning SMBus [8086:8C22], mmio: 0xF7A19004, ioport: 0xF040, hostc: 0x11
0:673  0:000  Slots to scan [8]...
0:674  0:000  SPD[0]: Type 11 @0x50
0:692  0:018  DDR speed 1600MHz
0:692  0:000  Slot: 0 Type 24 4096MB 1600MHz Vendor=Crucial Technology PartNo=CT51264BF160BJ.C8F SerialNo=0109070400090608
0:693  0:000  === [ GetAcpiTablesList ] =================================
0:693  0:000  Get Acpi Tables List from RSDT:
0:693  0:000   - [00]: FACP  PARADISE len=132
0:693  0:000   - [01]: APIC  PARADISE len=146
0:693  0:000   - [02]: FPDT  A M I len=68
0:693  0:000   - [03]: ASF!   HCG len=165
0:693  0:000   - [04]: SLIC  PARADISE len=374
0:693  0:000   - [05]: SSDT  PARADISE len=3986
0:693  0:000   - [06]: SSDT  PARADISE len=1337
0:693  0:000   - [07]: SSDT  PARADISE len=2776
0:693  0:000   - [08]: MCFG  PARADISE len=60
0:693  0:000   - [09]: HPET  PARADISE len=56
0:693  0:000   - [10]: SSDT  PARADISE len=789
0:693  0:000   - [11]: SSDT  PARADISE len=7239
0:693  0:000   - [12]: SSDT  PARADISE len=4325
0:693  0:000   - [13]: SSDT  PARADISE len=7478
0:693  0:000   - [14]: BGRT  PARADISE len=56
0:693  0:000  Calibrated TSC frequency =2194917654 =2194MHz
0:694  0:000  === [ GetUserSettings ] ===================================
0:694  0:000  CustomEDID ok
0:694  0:000  Add 1 properties:
0:694  0:000   - [00]: IntelGFX, len: 4
0:694  0:000  USB FixOwnership: no
0:694  0:000   - final DSDT Fix mask=00000000
0:694  0:000  PatchesDSDT: 3 requested
0:694  0:000   - [00]: (Rename EHC2 to EH02) lenToFind: 4, lenToReplace: 4
0:694  0:000   - [01]: (Rename EHC1 to EH01) lenToFind: 4, lenToReplace: 4
0:694  0:000   - [02]: (Rename XHC1 to XHC) lenToFind: 4, lenToReplace: 3
0:694  0:000  ChassisType: 0x8
0:694  0:000  Using smbios.plist at path: EFI\CLOVER\smbios.plist, Status=Not Found
0:697  0:003  === [ ScanVolumes ] =======================================
0:698  0:000  Found 10 volumes with blockIO
0:698  0:000  - [00]: Volume: PciRoot(0x0)\Pci(0x1F,0x2)\Sata(0x0,0xFFFF,0x0)
0:698  0:000          Found optical drive
0:698  0:000  - [01]: Volume: PciRoot(0x0)\Pci(0x1F,0x2)\Sata(0x4,0xFFFF,0x0)
0:698  0:000  - [02]: Volume: PciRoot(0x0)\Pci(0x1F,0x2)\Sata(0x5,0xFFFF,0x0)
0:699  0:000          Result of bootcode detection: bootable unknown (legacy)
0:699  0:000  - [03]: Volume: PciRoot(0x0)\Pci(0x1F,0x2)\Sata(0x4,0xFFFF,0x0)\HD(1,GPT,42ED9F40-CA61-4B73-99FF-46A866FB9AC9,0x28,0x64000)
0:699  0:000          Result of bootcode detection: bootable unknown (legacy)
0:707  0:007          This is SelfVolume !!
0:707  0:000  - [04]: Volume: PciRoot(0x0)\Pci(0x1F,0x2)\Sata(0x4,0xFFFF,0x0)\HD(2,GPT,50EADAA1-25FD-4398-B593-1BE56A33844C,0x64028,0xECE2340)
0:707  0:000          Result of bootcode detection: bootable unknown (legacy)
0:707  0:000  - [05]: Volume: PciRoot(0x0)\Pci(0x1F,0x2)\Sata(0x4,0xFFFF,0x0)\HD(3,GPT,EFE486BF-D705-41E9-BF9D-82C04299FE30,0xED46368,0x135F20)
0:708  0:000  - [06]: Volume: PciRoot(0x0)\Pci(0x1F,0x2)\Sata(0x5,0xFFFF,0x0)\HD(1,MBR,0xE569509D,0x800,0xC801800)
0:708  0:000          Result of bootcode detection: bootable Windows (vista,win)
0:708  0:000  - [07]: Volume: PciRoot(0x0)\Pci(0x1F,0x2)\Sata(0x5,0xFFFF,0x0)\HD(2,MBR,0xE569509D,0xC802000,0xC717000)
0:709  0:000          Result of bootcode detection: bootable Windows (vista,win)
0:709  0:000  - [08]: Volume: PciRoot(0x0)\Pci(0x1F,0x2)\Sata(0x5,0xFFFF,0x0)\HD(3,MBR,0x00000000,0x19002000,0x427051EB)
0:709  0:000          Result of bootcode detection: bootable Windows (vista,win)
0:709  0:000  - [09]: Volume: PciRoot(0x0)\Pci(0x1F,0x2)\Sata(0x5,0xFFFF,0x0)\HD(4,MBR,0x00000000,0x5B70ADC5,0x18FFABFC)
0:710  0:000          Result of bootcode detection: bootable Windows (win)
0:710  0:000  PutNvramPlistToRtVars: nvram.plist not found
0:710  0:000  === [ InitTheme ] =========================================
0:711  0:001  Using theme 'Sierrax' (EFI\CLOVER\themes\Sierrax)
0:711  0:000  OS main and drive as badge
0:711  0:000  Warning! Character width 23 should be even!
0:716  0:004  Choosing theme Sierrax
0:716  0:000  after NVRAM boot-args=slide=0 dart=0 -xcpm npci=0x2000 nv_disable=1 kext-dev-mode=1
0:716  0:000  === [ ScanLoader ] ========================================
0:716  0:000  - [03]: 'EFI'
0:716  0:000  - [04]: 'macOS'
0:718  0:002          AddLoaderEntry for Volume Name=macOS
0:720  0:001          Check if volume Is Hibernated:
0:720  0:000      Check sleep image 'by signature':
0:723  0:002      read prefs \Library\Preferences\SystemConfiguration\com.apple.PowerManagement.plist status=Not Found
0:723  0:000      using default sleep image name = \private\var\vm\sleepimage
0:725  0:002      Reading first 512 bytes of sleepimage ...
0:726  0:000   OurBlockIoRead: Lba=CFE48D8, Offset=19FC91B000 (BlockSize=512)
0:726  0:000   sig lion: 0
0:726  0:000   sig snow: 0
0:726  0:000   no valid sleep image offset was found
0:726  0:000      Reading completed -> Success
0:726  0:000       sleepimage offset could not be acquired
0:726  0:000          hibernated: no - sign
0:740  0:014  not png, try icns
0:741  0:000  not png, try icns
0:741  0:000          [!] Icon 17 (icons\vol_internal_hfs.icns) not found (path: EFI\CLOVER\themes\Sierrax)
0:742  0:001  - [05]: 'Recovery HD'
0:743  0:001          AddLoaderEntry for Volume Name=Recovery HD
0:744  0:001          Check if volume Is Hibernated:
0:744  0:000      Check sleep image 'by signature':
0:744  0:000      read prefs \Library\Preferences\SystemConfiguration\com.apple.PowerManagement.plist status=Not Found
0:744  0:000      using default sleep image name = \private\var\vm\sleepimage
0:744  0:000      sleepimage not found -> Not Found
0:744  0:000          hibernated: no - sign
0:745  0:000  not png, try icns
0:746  0:000  not png, try icns
0:746  0:000          AddLoaderEntry for Volume Name=Recovery HD
0:748  0:001  not png, try icns
0:749  0:000  not png, try icns
0:750  0:001  - [06]: ''
0:750  0:000  - [07]: '° w'
0:750  0:000  - [08]: 'za'
0:750  0:000  - [09]: 'Downloadx'
0:750  0:000  === [ AddCustomLegacy ] ===================================
0:750  0:000  === [ AddCustomTool ] =====================================
0:752  0:002  found tool \EFI\CLOVER\tools\Shell64U.efi
0:752  0:000  Checking EFI partition Volume 3 for Clover
0:753  0:000   Found Clover
0:754  0:001  EmuVariable UninstallEmulation: CloseEvent = Success, original var services restored
0:758  0:004  === [ FindDefaultEntry ] ==================================
0:759  0:000  EmuVariable InstallEmulation: orig vars copied, emu.var.services installed, CreateEvent VirtualAddressChange = Success, CreateEvent ExitBootServices = Success, set Status=Success
0:775  0:016  === [ GetEfiBootDeviceFromNvram ] =========================
0:775  0:000   - efi-boot-device-data: PciRoot(0x0)\Pci(0x1F,0x2)\Sata(0x4,0x0,0x0)\HD(5,GPT,AF2A2971-ADB1-4C1F-A2D7-5F81AEB8D1BB,0xED46368,0x135F20)
0:775  0:000    - Volume: 'PciRoot(0x0)\Pci(0x1F,0x2)\Sata(0x4,0x0,0x0)\HD(5,GPT,AF2A2971-ADB1-4C1F-A2D7-5F81AEB8D1BB,0xED46368,0x135F20)'
0:775  0:000    - LoaderPath: '<null string>'
0:775  0:000    - Guid = AF2A2971-ADB1-4C1F-A2D7-5F81AEB8D1BB
0:775  0:000  === [ FindStartupDiskVolume ] =============================
0:775  0:000    - Volume: partition = PciRoot(0x0)\Pci(0x1F,0x2)\Sata(0x4,0x0,0x0)\HD(5,GPT,AF2A2971-ADB1-4C1F-A2D7-5F81AEB8D1BB,0xED46368,0x135F20)
0:775  0:000     - searching for that partition
0:775  0:000      - [!] not found
0:775  0:000     - searching again, but comparing Media dev path nodes
0:775  0:000      - [!] not found
0:775  0:000   - found entry 0. 'Boot Mac OS X from macOS', Volume 'macOS', DevicePath 'PciRoot(0x0)\Pci(0x1F,0x2)\Sata(0x4,0xFFFF,0x0)\HD(2,GPT,50EADAA1-25FD-4398-B593-1BE56A33844C,0x64028,0xECE2340)\System\Library\CoreServices\boot.efi'
0:775  0:000  EmuVariable UninstallEmulation: CloseEvent = Success, original var services restored
0:775  0:000  DefaultIndex=0 and MainMenu.EntryCount=9
2:289  1:513  Found Mouse device:
2:303  0:014  GUI ready
3:041  0:738  Boot option Boot0000 not found
3:041  0:000  === [ StartLoader ] =======================================
3:041  0:000  Finally: Bus=99768kHz CPU=2195MHz
3:041  0:000  Loading boot.efi  status=Success
3:265  0:223  GetOSVersion: 10.12.2 (16C67)
3:265  0:000  CSR_CFG: CSR_ALLOW_UNTRUSTED_KEXTS | CSR_ALLOW_UNRESTRICTED_FS
3:265  0:000  Filtering KextPatches:
3:265  0:000   - [00]: IOAHCIBlockStorage (TRIM) :: BinPatch :: [OS: 10.12.2 | MatchOS: All | MatchBuild: All] ==> allowed
3:265  0:000   - [01]: AppleUSBXHCIPCI (Raise USB Port Limit) :: BinPatch :: [OS: 10.12.2 | MatchOS: All | MatchBuild: All] ==> allowed
3:265  0:000   - [02]: AppleAHCIPort (External icons patch) :: BinPatch :: [OS: 10.12.2 | MatchOS: All | MatchBuild: All] ==> allowed
3:265  0:000   - [03]: com.apple.driver.AppleIntelFramebufferAzul (Enable 9MB cursor bytes, 0x0a260006) :: BinPatch :: [OS: 10.12.2 | MatchOS: All | MatchBuild: All] ==> allowed
3:265  0:000   - [04]: AppleHDAController (HD4600_HDMI_Audio-2of2) :: BinPatch :: [OS: 10.12.2 | MatchOS: All | MatchBuild: All] ==> allowed
3:265  0:000   - [05]: IOGraphicsFamily (Second stage patch) :: BinPatch :: [OS: 10.12.2 | MatchOS: All | MatchBuild: All] ==> allowed
3:265  0:000   - [06]: IOAHCIBlockStorage (TRIM) :: PlistPatch :: [OS: 10.12.2 | MatchOS: All | MatchBuild: All] ==> allowed
3:265  0:000   - [07]: AppleHDAController (HD4600_HDMI_Audio-1of2) :: BinPatch :: [OS: 10.12.2 | MatchOS: All | MatchBuild: All] ==> allowed
3:265  0:000  EmuVariable InstallEmulation: orig vars copied, emu.var.services installed, CreateEvent VirtualAddressChange = Success, CreateEvent ExitBootServices = Success, set Status=Success
3:282  0:016  === [ PatchSmbios ] =======================================
3:282  0:000  insert table 9 for dev 0:1
3:282  0:000  insert table 9 for dev 0:0
3:282  0:000  Channels: 1
3:282  0:000  Interleave: 0 1 2 3 4 5 6 7 8 9 10 11 12 13 14 15 16 17 18 19 20 21 22 23
3:282  0:000  SMBIOS Type 17 Index = 0 => 0 0:
3:282  0:000  BANK0 DIMM0 1600MHz 4096MB
3:282  0:000  SMBIOS Type 17 Index = 1 => 1 1:
3:282  0:000  BANK0 DIMM1 EMPTY
3:282  0:000  mTotalSystemMemory = 4096
3:282  0:000  NumberOfMemoryDevices = 2
3:282  0:000  Type20[0]->End = 0x3FFFFF, Type17[0] = 0x1000
3:282  0:000  Table 131 is present, CPUType=31
3:282  0:000  Change to: 705
3:282  0:000  === [ PatchACPI ] =========================================
3:282  0:000  RSDT 0xC973C028
3:282  0:000  FADT from RSDT: 0xC973C138
3:282  0:000  XSDT 0xC973C090
3:282  0:000  FADT from XSDT: 0xC974E050
3:282  0:000  Xsdt reallocation done
3:282  0:000  old FADT length=10C
3:283  0:001  DSDT found in Clover volume OEM folder: EFI\CLOVER\ACPI\patched\DSDT.aml
3:285  0:001  Apply DsdtFixMask=0x00000000 old way
3:285  0:000     drop _DSM mask=0x0000
3:285  0:000  === [ FixBiosDsdt ] =======================================
3:285  0:000  VideoCard devID=0x4168086
3:285  0:000  DisplayADR1[0] = 0x20000, DisplayADR2[0] = 0xFFFE
3:402  0:117  Audio HDA (addr:0x30000) setting specified layout-id=3 (0x3)
3:402  0:000  USBADR[0] = 0x140000 and PCIe = 0xFFFE
3:402  0:000  USBADR[1] = 0x1A0000 and PCIe = 0xFFFE
3:519  0:117  Audio HDA (addr:0x1B0000) setting specified layout-id=3 (0x3)
3:519  0:000  Found Airport BCM at 0x1C0002, 0x0
3:519  0:000  USBADR[2] = 0x1D0000 and PCIe = 0xFFFE
3:519  0:000  Patching DSDT:
3:519  0:000   - [00]: pattern 45484332, patched at: [ (44DD) (7CB5) (F) (10) ]
3:520  0:000   - [01]: pattern 45484331, patched at: [ (4021) (8136) (F) (10) ]
3:520  0:000   - [02]: pattern 58484331, bin not found / already patched!
3:520  0:000  first CPU found at 9C7A offset 9C7E
3:520  0:000  score candidate at 9C76
3:520  0:000  score inserted in acpi_cpu_score _PR_
3:520  0:000  Found ACPI CPU: CPU0 | CPU1 | CPU2 | CPU3 | CPU4 | CPU5 | CPU6 | CPU7 , within the score: _PR_
3:520  0:000  Found PCIROOTUID = 0
3:520  0:000  === [ ACPIDropTables ] ====================================
3:520  0:000  === [ DropSSDT ] ==========================================
3:520  0:000  Drop tables from Xsdt, SIGN=SSDT TableID= Length=0
3:520  0:000   Xsdt has tables count=15
3:520  0:000   Table: SSDT  PARADISE  3986 dropped
3:520  0:000   Table: SSDT  PARADISE  1337 dropped
3:520  0:000   Table: SSDT  PARADISE  2776 dropped
3:520  0:000   Table: SSDT  PARADISE  789 dropped
3:520  0:000   Table: SSDT  PARADISE  7239 dropped
3:520  0:000   Table: SSDT  PARADISE  4325 dropped
3:520  0:000   Table: SSDT  PARADISE  7478 dropped
3:520  0:000  corrected XSDT length=100
3:520  0:000  === [ ACPIPatchedAML ] ====================================
3:520  0:000  Start: Processing Patched AML(s): Sorted
3:520  0:000  Inserting table[0]:SSDT.aml from EFI\CLOVER\ACPI\patched ... Not Found
3:520  0:000  Inserting table[1]:SSDT-1.aml from EFI\CLOVER\ACPI\patched ... Success
3:521  0:001  Inserting table[2]:SSDT-2.aml from EFI\CLOVER\ACPI\patched ... Success
3:522  0:001  Inserting table[3]:SSDT-3.aml from EFI\CLOVER\ACPI\patched ... Success
3:523  0:000  Inserting table[4]:SSDT-4.aml from EFI\CLOVER\ACPI\patched ... Success
3:523  0:000  Inserting table[5]:SSDT-5.aml from EFI\CLOVER\ACPI\patched ... Success
3:524  0:000  Inserting table[6]:SSDT-6.aml from EFI\CLOVER\ACPI\patched ... Success
3:524  0:000  Inserting table[7]:SSDT-7.aml from EFI\CLOVER\ACPI\patched ... Success
3:525  0:000  Inserting table[8]:SSDT-8.aml from EFI\CLOVER\ACPI\patched ... Success
3:525  0:000  Inserting table[9]:SSDT-9.aml from EFI\CLOVER\ACPI\patched ... Success
3:526  0:000  Inserting table[10]:SSDT-10.aml from EFI\CLOVER\ACPI\patched ... Success
3:526  0:000  Inserting table[11]:SSDT-11.aml from EFI\CLOVER\ACPI\patched ... Not Found
3:526  0:000  Inserting table[12]:SSDT-12.aml from EFI\CLOVER\ACPI\patched ... Not Found
3:526  0:000  Inserting table[13]:SSDT-13.aml from EFI\CLOVER\ACPI\patched ... Not Found
3:526  0:000  Inserting table[14]:SSDT-14.aml from EFI\CLOVER\ACPI\patched ... Not Found
3:526  0:000  Inserting table[15]:SSDT-15.aml from EFI\CLOVER\ACPI\patched ... Not Found
3:527  0:000  Inserting table[16]:SSDT-16.aml from EFI\CLOVER\ACPI\patched ... Not Found
3:527  0:000  Inserting table[17]:SSDT-17.aml from EFI\CLOVER\ACPI\patched ... Not Found
3:527  0:000  Inserting table[18]:SSDT-18.aml from EFI\CLOVER\ACPI\patched ... Not Found
3:527  0:000  Inserting table[19]:SSDT-19.aml from EFI\CLOVER\ACPI\patched ... Not Found
3:527  0:000  End: Processing Patched AML(s)
3:527  0:000  CPUBase=0 and ApicCPUBase=1 ApicCPUNum=8
3:527  0:000  === [ RestSetupOSX ] ======================================
3:527  0:000  EdidDiscovered size=0
3:527  0:000  Intel Intel HD Graphics 4600 [8086:0416] :: PciRoot(0x0)\Pci(0x2,0x0)
3:527  0:000  custom IntelGFX properties injected, continue
3:527  0:000  Intel GFX revision  =0x6
3:527  0:000  HDA Controller [8086:0C0C] :: PciRoot(0x0)\Pci(0x3,0x0) => setting specified layout-id=3 (0x3)
3:527  0:000  HDA Controller [8086:8C20] :: PciRoot(0x0)\Pci(0x1B,0x0) => setting specified layout-id=3 (0x3)
3:527  0:000  stringlength = 2174
3:527  0:000  CurrentMode: Width=1920 Height=1080
3:527  0:000  Beginning FSInjection
FSInjectionInstall ...
- Our FSI_SIMPLE_FILE_SYSTEM_PROTOCOL installed on handle: BCA7A798
FSInjectionInstall ...
- Our FSI_SIMPLE_FILE_SYSTEM_PROTOCOL installed on handle: BCA7A798
3:531  0:004  Preparing kexts injection for arch=x86_64 from EFI\CLOVER\kexts\Other
3:532  0:000  Preparing kexts injection for arch=x86_64 from EFI\CLOVER\kexts\10.12
3:539  0:007    Extra kext: EFI\CLOVER\kexts\10.12\AppleALC.kext
3:553  0:014      Extra PlugIn kext: EFI\CLOVER\kexts\10.12\AppleALC.kext\Contents\PlugIns\PinConfigs.kext
3:558  0:005    Extra kext: EFI\CLOVER\kexts\10.12\ApplePS2SmartTouchPad.kext
3:566  0:007      Extra PlugIn kext: EFI\CLOVER\kexts\10.12\ApplePS2SmartTouchPad.kext\Contents\PlugIns\ApplePS2Controller.kext
3:570  0:003      Extra PlugIn kext: EFI\CLOVER\kexts\10.12\ApplePS2SmartTouchPad.kext\Contents\PlugIns\ApplePS2Keyboard.kext
3:574  0:004    Extra kext: EFI\CLOVER\kexts\10.12\CodecCommander.kext
3:580  0:005    Extra kext: EFI\CLOVER\kexts\10.12\FakePCIID_Intel_HD_Graphics.kext
3:582  0:002    Extra kext: EFI\CLOVER\kexts\10.12\FakeSMC.kext
3:588  0:005    Extra kext: EFI\CLOVER\kexts\10.12\FakeSMC_ACPISensors.kext
3:593  0:005    Extra kext: EFI\CLOVER\kexts\10.12\FakeSMC_CPUSensors.kext
3:596  0:003    Extra kext: EFI\CLOVER\kexts\10.12\FakeSMC_GPUSensors.kext
3:601  0:004    Extra kext: EFI\CLOVER\kexts\10.12\FakeSMC_LPCSensors.kext
3:613  0:011    Extra kext: EFI\CLOVER\kexts\10.12\RealtekRTL8111.kext
3:621  0:008    Extra kext: EFI\CLOVER\kexts\10.12\USBInjectAll.kext
3:653  0:032    Extra kext: EFI\CLOVER\kexts\10.12\VoodooPS2Controller.kext
3:661  0:007      Extra PlugIn kext: EFI\CLOVER\kexts\10.12\VoodooPS2Controller.kext\Contents\PlugIns\VoodooPS2Keyboard.kext
3:671  0:010      Extra PlugIn kext: EFI\CLOVER\kexts\10.12\VoodooPS2Controller.kext\Contents\PlugIns\VoodooPS2Mouse.kext
3:675  0:004      Extra PlugIn kext: EFI\CLOVER\kexts\10.12\VoodooPS2Controller.kext\Contents\PlugIns\VoodooPS2Trackpad.kext
3:681  0:005    Extra kext: EFI\CLOVER\kexts\10.12\FakePCIID_Intel_HDMI_Audio.kext
3:686  0:004  Custom boot is disabled
3:686  0:000  Closing log
